[ 2023-04-26 13:24:15,143 ] 26 root - INFO - Data Ingestion methods Starts
[ 2023-04-26 13:24:15,299 ] 29 root - INFO - Dataset read as pandas Dataframe
[ 2023-04-26 13:24:15,660 ] 39 root - INFO - Ingestion of Data is completed
[ 2023-04-26 13:24:15,785 ] 80 root - INFO - Read raw data completed
[ 2023-04-26 13:24:15,785 ] 81 root - INFO - Raw Dataframe Head : 
       ID Delivery_person_ID  Delivery_person_Age  Delivery_person_Ratings  Restaurant_latitude  Restaurant_longitude  Delivery_location_latitude  Delivery_location_longitude  Order_Date Time_Orderd Time_Order_picked Weather_conditions Road_traffic_density  Vehicle_condition Type_of_order Type_of_vehicle  multiple_deliveries Festival           City  Time_taken (min)
0  0xcdcd      DEHRES17DEL01                 36.0                      4.2            30.327968             78.046106                   30.397968                    78.116106  12-02-2022       21:55             22:10                Fog                  Jam                  2         Snack      motorcycle                  3.0       No  Metropolitian                46
1  0xd987      KOCRES16DEL01                 21.0                      4.7            10.003064             76.307589                   10.043064                    76.347589  13-02-2022       14:55             15:05             Stormy                 High                  1          Meal      motorcycle                  1.0       No  Metropolitian                23
2  0x2784     PUNERES13DEL03                 23.0                      4.7            18.562450             73.916619                   18.652450                    74.006619  04-03-2022       17:30             17:40         Sandstorms               Medium                  1        Drinks         scooter                  1.0       No  Metropolitian                21
3  0xc8b6     LUDHRES15DEL02                 34.0                      4.3            30.899584             75.809346                   30.919584                    75.829346  13-02-2022       09:20             09:30         Sandstorms                  Low                  0        Buffet      motorcycle                  0.0       No  Metropolitian                20
4  0xdb64      KNPRES14DEL02                 24.0                      4.7            26.463504             80.372929                   26.593504                    80.502929  14-02-2022       19:50             20:05                Fog                  Jam                  1         Snack         scooter                  1.0       No  Metropolitian                41
[ 2023-04-26 13:24:15,785 ] 83 root - INFO - EDA and Feature Engineering Started
[ 2023-04-26 13:24:33,127 ] 65 root - INFO - Inside remove_outliers method
[ 2023-04-26 13:24:33,158 ] 73 root - INFO - Completed execution in remove_outliers method
[ 2023-04-26 13:24:33,158 ] 57 root - INFO - Inside filter_int_float_values method
[ 2023-04-26 13:24:34,618 ] 61 root - INFO - Completed execution in filter_int_float_values method
[ 2023-04-26 13:24:34,634 ] 57 root - INFO - Inside filter_int_float_values method
[ 2023-04-26 13:24:36,060 ] 61 root - INFO - Completed execution in filter_int_float_values method
[ 2023-04-26 13:24:36,797 ] 152 root - INFO - Splitting train and test split
[ 2023-04-26 13:24:36,797 ] 154 root - INFO - Index(['Delivery_person_Age', 'Delivery_person_Ratings',
       'Restaurant_Delivery_distance', 'preparation_time',
       'Weather_conditions', 'Road_traffic_density', 'Vehicle_condition',
       'Type_of_vehicle', 'multiple_deliveries', 'Festival', 'City',
       'Time_taken (min)'],
      dtype='object')
[ 2023-04-26 13:24:36,797 ] 158 root - INFO - Obtaining preprocessing object
[ 2023-04-26 13:24:36,797 ] 29 root - INFO - Data Transformation initiated
[ 2023-04-26 13:24:36,828 ] 41 root - INFO - Pipeline Initiated
[ 2023-04-26 13:24:36,828 ] 161 root - INFO - Train Input features: 
    Delivery_person_Age  Delivery_person_Ratings  Restaurant_Delivery_distance  preparation_time Weather_conditions Road_traffic_density  Vehicle_condition Type_of_vehicle  multiple_deliveries Festival           City
0                 36.0                      4.2                         10.27              15.0                Fog                  Jam                  2      motorcycle                  3.0       No  Metropolitian
1                 21.0                      4.7                          6.23              10.0             Stormy                 High                  1      motorcycle                  1.0       No  Metropolitian
2                 23.0                      4.7                         13.76              10.0         Sandstorms               Medium                  1         scooter                  1.0       No  Metropolitian
3                 34.0                      4.3                          2.93              10.0         Sandstorms                  Low                  0      motorcycle                  0.0       No  Metropolitian
4                 24.0                      4.7                         19.37              15.0                Fog                  Jam                  1         scooter                  1.0       No  Metropolitian
[ 2023-04-26 13:24:36,828 ] 162 root - INFO - Train Target features: 
    Time_taken (min)
0                46
1                23
2                21
3                20
4                41
[ 2023-04-26 13:24:36,844 ] 165 root - INFO - Train and test split completed
[ 2023-04-26 13:24:37,190 ] 178 root - INFO - Applying preprocessing object on training and testing datasets.
[ 2023-04-26 13:24:37,190 ] 187 root - INFO - Preprocessor pickle file saved
[ 2023-04-26 13:24:37,205 ] 26 root - INFO - Splitting Dependent and Independent variables from train and test data
[ 2023-04-26 13:24:37,331 ] 44 root - INFO - Model Report : {'LinearRegression': 0.5845026406516479, 'Lasso': 0.5139610256515594, 'Ridge': 0.5845025578609617, 'Elasticnet': 0.50058562041324}
[ 2023-04-26 13:24:37,339 ] 57 root - INFO - Best Model Found , Model Name : LinearRegression , R2 Score : 0.5845026406516479
